<?xml version="1.0" encoding="UTF-8"?>
<testsuite name="com.valemobi.pocspringreactorwithreactivefeign.PocSpringReactorWithReactiveFeignApplicationTests" tests="1" skipped="0" failures="0" errors="0" timestamp="2023-06-23T14:46:01" hostname="VMNOTE-401" time="0.428">
  <properties/>
  <testcase name="contextLoads()" classname="com.valemobi.pocspringreactorwithreactivefeign.PocSpringReactorWithReactiveFeignApplicationTests" time="0.428"/>
  <system-out><![CDATA[11:45:58.637 [Test worker] DEBUG org.springframework.test.context.BootstrapUtils - Instantiating CacheAwareContextLoaderDelegate from class [org.springframework.test.context.cache.DefaultCacheAwareContextLoaderDelegate]
11:45:58.650 [Test worker] DEBUG org.springframework.test.context.BootstrapUtils - Instantiating BootstrapContext using constructor [public org.springframework.test.context.support.DefaultBootstrapContext(java.lang.Class,org.springframework.test.context.CacheAwareContextLoaderDelegate)]
11:45:58.692 [Test worker] DEBUG org.springframework.test.context.BootstrapUtils - Instantiating TestContextBootstrapper for test class [com.valemobi.pocspringreactorwithreactivefeign.PocSpringReactorWithReactiveFeignApplicationTests] from class [org.springframework.boot.test.context.SpringBootTestContextBootstrapper]
11:45:58.702 [Test worker] INFO org.springframework.boot.test.context.SpringBootTestContextBootstrapper - Neither @ContextConfiguration nor @ContextHierarchy found for test class [com.valemobi.pocspringreactorwithreactivefeign.PocSpringReactorWithReactiveFeignApplicationTests], using SpringBootContextLoader
11:45:58.706 [Test worker] DEBUG org.springframework.test.context.support.AbstractContextLoader - Did not detect default resource location for test class [com.valemobi.pocspringreactorwithreactivefeign.PocSpringReactorWithReactiveFeignApplicationTests]: class path resource [com/valemobi/pocspringreactorwithreactivefeign/PocSpringReactorWithReactiveFeignApplicationTests-context.xml] does not exist
11:45:58.706 [Test worker] DEBUG org.springframework.test.context.support.AbstractContextLoader - Did not detect default resource location for test class [com.valemobi.pocspringreactorwithreactivefeign.PocSpringReactorWithReactiveFeignApplicationTests]: class path resource [com/valemobi/pocspringreactorwithreactivefeign/PocSpringReactorWithReactiveFeignApplicationTestsContext.groovy] does not exist
11:45:58.706 [Test worker] INFO org.springframework.test.context.support.AbstractContextLoader - Could not detect default resource locations for test class [com.valemobi.pocspringreactorwithreactivefeign.PocSpringReactorWithReactiveFeignApplicationTests]: no resource found for suffixes {-context.xml, Context.groovy}.
11:45:58.707 [Test worker] INFO org.springframework.test.context.support.AnnotationConfigContextLoaderUtils - Could not detect default configuration classes for test class [com.valemobi.pocspringreactorwithreactivefeign.PocSpringReactorWithReactiveFeignApplicationTests]: PocSpringReactorWithReactiveFeignApplicationTests does not declare any static, non-private, non-final, nested classes annotated with @Configuration.
11:45:58.761 [Test worker] DEBUG org.springframework.test.context.support.ActiveProfilesUtils - Could not find an 'annotation declaring class' for annotation type [org.springframework.test.context.ActiveProfiles] and class [com.valemobi.pocspringreactorwithreactivefeign.PocSpringReactorWithReactiveFeignApplicationTests]
11:45:58.824 [Test worker] DEBUG org.springframework.context.annotation.ClassPathScanningCandidateComponentProvider - Identified candidate component class: file [/home/gabriel.prisco@VALEMOBI.CORP/valemobi_repositories/estudo/POC-spring-reactor-with-reactive-feign/build/classes/java/main/com/valemobi/pocspringreactorwithreactivefeign/PocSpringReactorWithReactiveFeignApplication.class]
11:45:58.825 [Test worker] INFO org.springframework.boot.test.context.SpringBootTestContextBootstrapper - Found @SpringBootConfiguration com.valemobi.pocspringreactorwithreactivefeign.PocSpringReactorWithReactiveFeignApplication for test class com.valemobi.pocspringreactorwithreactivefeign.PocSpringReactorWithReactiveFeignApplicationTests
11:45:58.918 [Test worker] DEBUG org.springframework.boot.test.context.SpringBootTestContextBootstrapper - @TestExecutionListeners is not present for class [com.valemobi.pocspringreactorwithreactivefeign.PocSpringReactorWithReactiveFeignApplicationTests]: using defaults.
11:45:58.919 [Test worker] INFO org.springframework.boot.test.context.SpringBootTestContextBootstrapper - Loaded default TestExecutionListener class names from location [META-INF/spring.factories]: [org.springframework.boot.test.autoconfigure.restdocs.RestDocsTestExecutionListener, org.springframework.boot.test.autoconfigure.web.client.MockRestServiceServerResetTestExecutionListener, org.springframework.boot.test.autoconfigure.web.servlet.MockMvcPrintOnlyOnFailureTestExecutionListener, org.springframework.boot.test.autoconfigure.web.servlet.WebDriverTestExecutionListener, org.springframework.boot.test.autoconfigure.webservices.client.MockWebServiceServerTestExecutionListener, org.springframework.boot.test.mock.mockito.MockitoTestExecutionListener, org.springframework.boot.test.mock.mockito.ResetMocksTestExecutionListener, org.springframework.test.context.web.ServletTestExecutionListener, org.springframework.test.context.support.DirtiesContextBeforeModesTestExecutionListener, org.springframework.test.context.event.ApplicationEventsTestExecutionListener, org.springframework.test.context.support.DependencyInjectionTestExecutionListener, org.springframework.test.context.support.DirtiesContextTestExecutionListener, org.springframework.test.context.transaction.TransactionalTestExecutionListener, org.springframework.test.context.jdbc.SqlScriptsTestExecutionListener, org.springframework.test.context.event.EventPublishingTestExecutionListener]
11:45:58.930 [Test worker] INFO org.springframework.boot.test.context.SpringBootTestContextBootstrapper - Using TestExecutionListeners: [org.springframework.test.context.web.ServletTestExecutionListener@2453f95d, org.springframework.test.context.support.DirtiesContextBeforeModesTestExecutionListener@44828f6b, org.springframework.test.context.event.ApplicationEventsTestExecutionListener@2dbe250d, org.springframework.boot.test.mock.mockito.MockitoTestExecutionListener@553f1d75, org.springframework.boot.test.autoconfigure.SpringBootDependencyInjectionTestExecutionListener@6e1d8f9e, org.springframework.test.context.support.DirtiesContextTestExecutionListener@3e34ace1, org.springframework.test.context.transaction.TransactionalTestExecutionListener@62fe6067, org.springframework.test.context.jdbc.SqlScriptsTestExecutionListener@4f071df8, org.springframework.test.context.event.EventPublishingTestExecutionListener@4de41af9, org.springframework.boot.test.autoconfigure.restdocs.RestDocsTestExecutionListener@56ace400, org.springframework.boot.test.autoconfigure.web.client.MockRestServiceServerResetTestExecutionListener@47404bea, org.springframework.boot.test.autoconfigure.web.servlet.MockMvcPrintOnlyOnFailureTestExecutionListener@305f7627, org.springframework.boot.test.autoconfigure.web.servlet.WebDriverTestExecutionListener@5d018107, org.springframework.boot.test.autoconfigure.webservices.client.MockWebServiceServerTestExecutionListener@6cbcf243, org.springframework.boot.test.mock.mockito.ResetMocksTestExecutionListener@29e6eb25]
11:45:58.932 [Test worker] DEBUG org.springframework.test.context.support.AbstractDirtiesContextTestExecutionListener - Before test class: context [DefaultTestContext@1433046b testClass = PocSpringReactorWithReactiveFeignApplicationTests, testInstance = [null], testMethod = [null], testException = [null], mergedContextConfiguration = [WebMergedContextConfiguration@3f446bef testClass = PocSpringReactorWithReactiveFeignApplicationTests, locations = '{}', classes = '{class com.valemobi.pocspringreactorwithreactivefeign.PocSpringReactorWithReactiveFeignApplication}', contextInitializerClasses = '[]', activeProfiles = '{}', propertySourceLocations = '{}', propertySourceProperties = '{org.springframework.boot.test.context.SpringBootTestContextBootstrapper=true}', contextCustomizers = set[org.springframework.boot.test.autoconfigure.actuate.metrics.MetricsExportContextCustomizerFactory$DisableMetricExportContextCustomizer@27216cd, org.springframework.boot.test.autoconfigure.properties.PropertyMappingContextCustomizer@0, org.springframework.boot.test.autoconfigure.web.servlet.WebDriverContextCustomizerFactory$Customizer@10a9d961, org.springframework.boot.test.context.filter.ExcludeFilterContextCustomizer@60856961, org.springframework.boot.test.json.DuplicateJsonObjectContextCustomizerFactory$DuplicateJsonObjectContextCustomizer@3abada5a, org.springframework.boot.test.mock.mockito.MockitoContextCustomizer@0, org.springframework.boot.test.web.client.TestRestTemplateContextCustomizer@1c33c17b, org.springframework.boot.test.web.reactive.server.WebTestClientContextCustomizer@54e7df6a, org.springframework.boot.test.context.SpringBootTestArgs@1, org.springframework.boot.test.context.SpringBootTestWebEnvironment@60015ef5], resourceBasePath = 'src/main/webapp', contextLoader = 'org.springframework.boot.test.context.SpringBootContextLoader', parent = [null]], attributes = map['org.springframework.test.context.web.ServletTestExecutionListener.activateListener' -> true]], class annotated with @DirtiesContext [false] with mode [null].

  .   ____          _            __ _ _
 /\\ / ___'_ __ _ _(_)_ __  __ _ \ \ \ \
( ( )\___ | '_ | '_| | '_ \/ _` | \ \ \ \
 \\/  ___)| |_)| | | | | || (_| |  ) ) ) )
  '  |____| .__|_| |_|_| |_\__, | / / / /
 =========|_|==============|___/=/_/_/_/
 :: Spring Boot ::               (v2.7.12)

2023-06-23 11:45:59.229  INFO 158784 --- [    Test worker] ReactorWithReactiveFeignApplicationTests : Starting PocSpringReactorWithReactiveFeignApplicationTests using Java 17.0.7 on VMNOTE-401 with PID 158784 (started by gabriel.prisco in /home/gabriel.prisco@VALEMOBI.CORP/valemobi_repositories/estudo/POC-spring-reactor-with-reactive-feign)
2023-06-23 11:45:59.231  INFO 158784 --- [    Test worker] ReactorWithReactiveFeignApplicationTests : No active profile set, falling back to 1 default profile: "default"
2023-06-23 11:45:59.925  INFO 158784 --- [    Test worker] .s.d.r.c.RepositoryConfigurationDelegate : Bootstrapping Spring Data R2DBC repositories in DEFAULT mode.
2023-06-23 11:45:59.939  INFO 158784 --- [    Test worker] .s.d.r.c.RepositoryConfigurationDelegate : Finished Spring Data repository scanning in 8 ms. Found 0 R2DBC repository interfaces.
2023-06-23 11:46:01.919  INFO 158784 --- [    Test worker] ReactorWithReactiveFeignApplicationTests : Started PocSpringReactorWithReactiveFeignApplicationTests in 2.95 seconds (JVM running for 4.088)
]]></system-out>
  <system-err><![CDATA[]]></system-err>
</testsuite>
